<?xml version="1.0" encoding="UTF-8"?>
<configuration>
  <!-- Configure Hadoop to use MinIO as S3-compatible storage -->
  <property>
    <name>fs.s3a.endpoint</name>
    <value>my-endpoint</value>
  </property>
    <property>
    <name>fs.s3a.endpoint.region</name>
    <value>us-east-1</value>
  </property>
  <property>
    <name>fs.s3a.access.key</name>
    <value>key</value>
  </property>
  <property>
    <name>fs.s3a.secret.key</name>
    <value>secret</value>
  </property>
  <property>
    <name>fs.s3a.aws.credentials.provider</name>
    <value>org.apache.hadoop.fs.s3a.SimpleAWSCredentialsProvider</value>
  </property>
  <property>
    <name>fs.s3a.impl</name>
    <value>org.apache.hadoop.fs.s3a.S3AFileSystem</value>
  </property>
  <property>
    <name>fs.s3a.connection.ssl.enabled</name>
    <value>true</value>
  </property>

</configuration>